# JRE version: Java(TM) SE Runtime Environment 18.9 (11.0.10+8) (build 11.0.10+8-LTS-162)
# Java VM: Java HotSpot(TM) 64-Bit Server VM 18.9 (11.0.10+8-LTS-162, mixed mode, tiered, compressed oops, parallel gc, windows-amd64)
Heap:
 PSYoungGen      total 28672K, used 4836K [0x00000000eab00000, 0x00000000ed000000, 0x0000000100000000)
  eden space 23552K, 0% used [0x00000000eab00000,0x00000000eab00000,0x00000000ec200000)
  from space 5120K, 94% used [0x00000000ecb00000,0x00000000ecfb92d8,0x00000000ed000000)
  to   space 6656K, 0% used [0x00000000ec300000,0x00000000ec300000,0x00000000ec980000)
 ParOldGen       total 152064K, used 148092K [0x00000000c0000000, 0x00000000c9480000, 0x00000000eab00000)
  object space 152064K, 97% used [0x00000000c0000000,0x00000000c909f3d8,0x00000000c9480000)
 Metaspace       used 57245K, capacity 60290K, committed 60376K, reserved 1103872K
  class space    used 5715K, capacity 6849K, committed 6912K, reserved 1048576K
GC Heap History (10 events):
Event: 528.733 GC heap after
{Heap after GC invocations=60 (full 5):
 PSYoungGen      total 20992K, used 3400K [0x00000000eab00000, 0x00000000ec300000, 0x0000000100000000)
  eden space 17408K, 0% used [0x00000000eab00000,0x00000000eab00000,0x00000000ebc00000)
  from space 3584K, 94% used [0x00000000ebf80000,0x00000000ec2d2340,0x00000000ec300000)
  to   space 3584K, 0% used [0x00000000ebc00000,0x00000000ebc00000,0x00000000ebf80000)
 ParOldGen       total 152064K, used 131220K [0x00000000c0000000, 0x00000000c9480000, 0x00000000eab00000)
  object space 152064K, 86% used [0x00000000c0000000,0x00000000c80250d8,0x00000000c9480000)
 Metaspace       used 57238K, capacity 60290K, committed 60376K, reserved 1103872K
  class space    used 5715K, capacity 6849K, committed 6912K, reserved 1048576K
}
Event: 528.832 GC heap before
{Heap before GC invocations=61 (full 5):
 PSYoungGen      total 20992K, used 20808K [0x00000000eab00000, 0x00000000ec300000, 0x0000000100000000)
  eden space 17408K, 100% used [0x00000000eab00000,0x00000000ebc00000,0x00000000ebc00000)
  from space 3584K, 94% used [0x00000000ebf80000,0x00000000ec2d2340,0x00000000ec300000)
  to   space 3584K, 0% used [0x00000000ebc00000,0x00000000ebc00000,0x00000000ebf80000)
 ParOldGen       total 152064K, used 131220K [0x00000000c0000000, 0x00000000c9480000, 0x00000000eab00000)
  object space 152064K, 86% used [0x00000000c0000000,0x00000000c80250d8,0x00000000c9480000)
 Metaspace       used 57239K, capacity 60290K, committed 60376K, reserved 1103872K
  class space    used 5715K, capacity 6849K, committed 6912K, reserved 1048576K
}
Event: 528.845 GC heap after
{Heap after GC invocations=61 (full 5):
 PSYoungGen      total 20992K, used 3573K [0x00000000eab00000, 0x00000000ece80000, 0x0000000100000000)
  eden space 17408K, 0% used [0x00000000eab00000,0x00000000eab00000,0x00000000ebc00000)
  from space 3584K, 99% used [0x00000000ebc00000,0x00000000ebf7d428,0x00000000ebf80000)
  to   space 8192K, 0% used [0x00000000ec680000,0x00000000ec680000,0x00000000ece80000)
 ParOldGen       total 152064K, used 135052K [0x00000000c0000000, 0x00000000c9480000, 0x00000000eab00000)
  object space 152064K, 88% used [0x00000000c0000000,0x00000000c83e30b8,0x00000000c9480000)
 Metaspace       used 57239K, capacity 60290K, committed 60376K, reserved 1103872K
  class space    used 5715K, capacity 6849K, committed 6912K, reserved 1048576K
}
Event: 528.956 GC heap before
{Heap before GC invocations=62 (full 5):
 PSYoungGen      total 20992K, used 20981K [0x00000000eab00000, 0x00000000ece80000, 0x0000000100000000)
  eden space 17408K, 100% used [0x00000000eab00000,0x00000000ebc00000,0x00000000ebc00000)
  from space 3584K, 99% used [0x00000000ebc00000,0x00000000ebf7d428,0x00000000ebf80000)
  to   space 8192K, 0% used [0x00000000ec680000,0x00000000ec680000,0x00000000ece80000)
 ParOldGen       total 152064K, used 135052K [0x00000000c0000000, 0x00000000c9480000, 0x00000000eab00000)
  object space 152064K, 88% used [0x00000000c0000000,0x00000000c83e30b8,0x00000000c9480000)
 Metaspace       used 57239K, capacity 60290K, committed 60376K, reserved 1103872K
  class space    used 5715K, capacity 6849K, committed 6912K, reserved 1048576K
}
Event: 528.969 GC heap after
{Heap after GC invocations=62 (full 5):
 PSYoungGen      total 23552K, used 4030K [0x00000000eab00000, 0x00000000eca80000, 0x0000000100000000)
  eden space 19456K, 0% used [0x00000000eab00000,0x00000000eab00000,0x00000000ebe00000)
  from space 4096K, 98% used [0x00000000ec680000,0x00000000eca6f8c0,0x00000000eca80000)
  to   space 5632K, 0% used [0x00000000ebf80000,0x00000000ebf80000,0x00000000ec500000)
 ParOldGen       total 152064K, used 138587K [0x00000000c0000000, 0x00000000c9480000, 0x00000000eab00000)
  object space 152064K, 91% used [0x00000000c0000000,0x00000000c8756f88,0x00000000c9480000)
 Metaspace       used 57239K, capacity 60290K, committed 60376K, reserved 1103872K
  class space    used 5715K, capacity 6849K, committed 6912K, reserved 1048576K
}
Event: 529.086 GC heap before
{Heap before GC invocations=63 (full 5):
 PSYoungGen      total 23552K, used 23486K [0x00000000eab00000, 0x00000000eca80000, 0x0000000100000000)
  eden space 19456K, 100% used [0x00000000eab00000,0x00000000ebe00000,0x00000000ebe00000)
  from space 4096K, 98% used [0x00000000ec680000,0x00000000eca6f8c0,0x00000000eca80000)
  to   space 5632K, 0% used [0x00000000ebf80000,0x00000000ebf80000,0x00000000ec500000)
 ParOldGen       total 152064K, used 138587K [0x00000000c0000000, 0x00000000c9480000, 0x00000000eab00000)
  object space 152064K, 91% used [0x00000000c0000000,0x00000000c8756f88,0x00000000c9480000)
 Metaspace       used 57245K, capacity 60290K, committed 60376K, reserved 1103872K
  class space    used 5715K, capacity 6849K, committed 6912K, reserved 1048576K
}
Event: 529.097 GC heap after
{Heap after GC invocations=63 (full 5):
 PSYoungGen      total 26624K, used 5605K [0x00000000eab00000, 0x00000000ed580000, 0x0000000100000000)
  eden space 20992K, 0% used [0x00000000eab00000,0x00000000eab00000,0x00000000ebf80000)
  from space 5632K, 99% used [0x00000000ebf80000,0x00000000ec4f9790,0x00000000ec500000)
  to   space 10752K, 0% used [0x00000000ecb00000,0x00000000ecb00000,0x00000000ed580000)
 ParOldGen       total 152064K, used 142552K [0x00000000c0000000, 0x00000000c9480000, 0x00000000eab00000)
  object space 152064K, 93% used [0x00000000c0000000,0x00000000c8b36130,0x00000000c9480000)
 Metaspace       used 57245K, capacity 60290K, committed 60376K, reserved 1103872K
  class space    used 5715K, capacity 6849K, committed 6912K, reserved 1048576K
}
Event: 529.191 GC heap before
{Heap before GC invocations=64 (full 5):
 PSYoungGen      total 26624K, used 26597K [0x00000000eab00000, 0x00000000ed580000, 0x0000000100000000)
  eden space 20992K, 100% used [0x00000000eab00000,0x00000000ebf80000,0x00000000ebf80000)
  from space 5632K, 99% used [0x00000000ebf80000,0x00000000ec4f9790,0x00000000ec500000)
  to   space 10752K, 0% used [0x00000000ecb00000,0x00000000ecb00000,0x00000000ed580000)
 ParOldGen       total 152064K, used 142552K [0x00000000c0000000, 0x00000000c9480000, 0x00000000eab00000)
  object space 152064K, 93% used [0x00000000c0000000,0x00000000c8b36130,0x00000000c9480000)
 Metaspace       used 57245K, capacity 60290K, committed 60376K, reserved 1103872K
  class space    used 5715K, capacity 6849K, committed 6912K, reserved 1048576K
}
Event: 529.200 GC heap after
{Heap after GC invocations=64 (full 5):
 PSYoungGen      total 28672K, used 4836K [0x00000000eab00000, 0x00000000ed000000, 0x0000000100000000)
  eden space 23552K, 0% used [0x00000000eab00000,0x00000000eab00000,0x00000000ec200000)
  from space 5120K, 94% used [0x00000000ecb00000,0x00000000ecfb92d8,0x00000000ed000000)
  to   space 6656K, 0% used [0x00000000ec300000,0x00000000ec300000,0x00000000ec980000)
 ParOldGen       total 152064K, used 148092K [0x00000000c0000000, 0x00000000c9480000, 0x00000000eab00000)
  object space 152064K, 97% used [0x00000000c0000000,0x00000000c909f3d8,0x00000000c9480000)
 Metaspace       used 57245K, capacity 60290K, committed 60376K, reserved 1103872K
  class space    used 5715K, capacity 6849K, committed 6912K, reserved 1048576K
}
Event: 529.200 GC heap before
{Heap before GC invocations=65 (full 6):
 PSYoungGen      total 28672K, used 4836K [0x00000000eab00000, 0x00000000ed000000, 0x0000000100000000)
  eden space 23552K, 0% used [0x00000000eab00000,0x00000000eab00000,0x00000000ec200000)
  from space 5120K, 94% used [0x00000000ecb00000,0x00000000ecfb92d8,0x00000000ed000000)
  to   space 6656K, 0% used [0x00000000ec300000,0x00000000ec300000,0x00000000ec980000)
 ParOldGen       total 152064K, used 148092K [0x00000000c0000000, 0x00000000c9480000, 0x00000000eab00000)
  object space 152064K, 97% used [0x00000000c0000000,0x00000000c909f3d8,0x00000000c9480000)
 Metaspace       used 57245K, capacity 60290K, committed 60376K, reserved 1103872K
  class space    used 5715K, capacity 6849K, committed 6912K, reserved 1048576K
}

